e:\boostasio-learn\asyncserver_useprotobuf\asyncser.cde76834\x64\debug\vc143.pdb
e:\boostasio-learn\asyncserver_useprotobuf\asyncser.cde76834\x64\debug\vc143.idb
e:\boostasio-learn\asyncserver_useprotobuf\asyncser.cde76834\x64\debug\server.obj
e:\boostasio-learn\asyncserver_useprotobuf\asyncser.cde76834\x64\debug\msg.pb.obj
e:\boostasio-learn\asyncserver_useprotobuf\asyncser.cde76834\x64\debug\asyncserver_useprotobuf.obj
e:\boostasio-learn\asyncserver_useprotobuf\asyncser.cde76834\x64\debug\session.obj
e:\boostasio-learn\asyncserver_useprotobuf\x64\debug\asyncserver_useprotobuf.pdb
e:\boostasio-learn\asyncserver_useprotobuf\asyncser.cde76834\x64\debug\asyncser.cde76834.tlog\cl.command.1.tlog
e:\boostasio-learn\asyncserver_useprotobuf\asyncser.cde76834\x64\debug\asyncser.cde76834.tlog\cl.read.1.tlog
e:\boostasio-learn\asyncserver_useprotobuf\asyncser.cde76834\x64\debug\asyncser.cde76834.tlog\cl.write.1.tlog
e:\boostasio-learn\asyncserver_useprotobuf\asyncser.cde76834\x64\debug\asyncser.cde76834.tlog\link-cvtres.read.1.tlog
e:\boostasio-learn\asyncserver_useprotobuf\asyncser.cde76834\x64\debug\asyncser.cde76834.tlog\link-cvtres.write.1.tlog
e:\boostasio-learn\asyncserver_useprotobuf\asyncser.cde76834\x64\debug\asyncser.cde76834.tlog\link-rc.read.1.tlog
e:\boostasio-learn\asyncserver_useprotobuf\asyncser.cde76834\x64\debug\asyncser.cde76834.tlog\link-rc.write.1.tlog
e:\boostasio-learn\asyncserver_useprotobuf\asyncser.cde76834\x64\debug\asyncser.cde76834.tlog\link.command.1.tlog
e:\boostasio-learn\asyncserver_useprotobuf\asyncser.cde76834\x64\debug\asyncser.cde76834.tlog\link.read.1.tlog
e:\boostasio-learn\asyncserver_useprotobuf\asyncser.cde76834\x64\debug\asyncser.cde76834.tlog\link.read.2.tlog
e:\boostasio-learn\asyncserver_useprotobuf\asyncser.cde76834\x64\debug\asyncser.cde76834.tlog\link.read.3.tlog
e:\boostasio-learn\asyncserver_useprotobuf\asyncser.cde76834\x64\debug\asyncser.cde76834.tlog\link.read.4.tlog
e:\boostasio-learn\asyncserver_useprotobuf\asyncser.cde76834\x64\debug\asyncser.cde76834.tlog\link.write.1.tlog
